[   212.911] 
X.Org X Server 1.20.9
X Protocol Version 11, Revision 0
[   212.912] Build Operating System: Linux 5.4.66-gentoo-x86_64 x86_64 
[   212.912] Current Operating System: Linux NotYourPC 5.4.66-gentoo-x86_64 #1 SMP Wed Sep 30 13:49:29 EDT 2020 x86_64
[   212.912] Build Date: 16 October 2020  03:32:10PM
[   212.912]  
[   212.912] Current version of pixman: 0.40.0
[   212.915] 	Before reporting problems, check http://wiki.x.org
	to make sure that you have the latest version.
[   212.915] Markers: (--) probed, (**) from config file, (==) default setting,
	(++) from command line, (!!) notice, (II) informational,
	(WW) warning, (EE) error, (NI) not implemented, (??) unknown.
[   212.925] (==) Log file: "/usr/local/var/log/Xorg.0.log", Time: Sat Oct 17 12:29:48 2020
[   212.927] (==) Using system config directory "/usr/local/share/X11/xorg.conf.d"
[   212.935] (==) No Layout section.  Using the first Screen section.
[   212.935] (==) No screen section available. Using defaults.
[   212.935] (**) |-->Screen "Default Screen Section" (0)
[   212.935] (**) |   |-->Monitor "<default monitor>"
[   212.935] (==) No monitor specified for screen "Default Screen Section".
	Using a default monitor configuration.
[   212.935] (==) Automatically adding devices
[   212.935] (==) Automatically enabling devices
[   212.935] (==) Automatically adding GPU devices
[   212.936] (==) Max clients allowed: 256, resource mask: 0x1fffff
[   212.936] (WW) The directory "/usr/share/fonts/misc/" does not exist.
[   212.936] 	Entry deleted from font path.
[   212.936] (WW) The directory "/usr/share/fonts/TTF/" does not exist.
[   212.936] 	Entry deleted from font path.
[   212.936] (WW) The directory "/usr/share/fonts/OTF/" does not exist.
[   212.936] 	Entry deleted from font path.
[   212.936] (WW) The directory "/usr/share/fonts/Type1/" does not exist.
[   212.936] 	Entry deleted from font path.
[   212.936] (WW) The directory "/usr/share/fonts/100dpi/" does not exist.
[   212.936] 	Entry deleted from font path.
[   212.936] (WW) The directory "/usr/share/fonts/75dpi/" does not exist.
[   212.936] 	Entry deleted from font path.
[   212.936] (==) FontPath set to:
	
[   212.936] (==) ModulePath set to "/usr/local/lib/xorg/modules"
[   212.936] (II) The server relies on udev to provide the list of input devices.
	If no devices become available, reconfigure udev or disable AutoAddDevices.
[   212.936] (II) Loader magic: 0x5623c2a79ce0
[   212.936] (II) Module ABI versions:
[   212.936] 	X.Org ANSI C Emulation: 0.4
[   212.936] 	X.Org Video Driver: 24.1
[   212.936] 	X.Org XInput driver : 24.1
[   212.936] 	X.Org Server Extension : 10.0
[   212.936] (EE) dbus-core: error connecting to system bus: org.freedesktop.DBus.Error.FileNotFound (Failed to connect to socket /run/dbus/system_bus_socket: No such file or directory)
[   212.936] (II) no primary bus or device found
[   212.936] (WW) Open ACPI failed (/var/run/acpid.socket) (No such file or directory)
[   212.936] (II) LoadModule: "glx"
[   212.937] (II) Loading /usr/local/lib/xorg/modules/extensions/libglx.so
[   212.946] (EE) Failed to load /usr/local/lib/xorg/modules/extensions/libglx.so: libGL.so.1: cannot open shared object file: No such file or directory
[   212.946] (EE) Failed to load module "glx" (loader failed, 0)
[   212.946] (==) Matched modesetting as autoconfigured driver 0
[   212.946] (==) Matched fbdev as autoconfigured driver 1
[   212.946] (==) Matched vesa as autoconfigured driver 2
[   212.946] (==) Assigned the driver to the xf86ConfigLayout
[   212.946] (II) LoadModule: "modesetting"
[   212.946] (II) Loading /usr/local/lib/xorg/modules/drivers/modesetting_drv.so
[   212.955] (II) Module modesetting: vendor="X.Org Foundation"
[   212.955] 	compiled for 1.20.9, module version = 1.20.9
[   212.955] 	Module class: X.Org Video Driver
[   212.955] 	ABI class: X.Org Video Driver, version 24.1
[   212.955] (II) LoadModule: "fbdev"
[   212.955] (WW) Warning, couldn't open module fbdev
[   212.955] (EE) Failed to load module "fbdev" (module does not exist, 0)
[   212.955] (II) LoadModule: "vesa"
[   212.955] (WW) Warning, couldn't open module vesa
[   212.955] (EE) Failed to load module "vesa" (module does not exist, 0)
[   212.955] (II) modesetting: Driver for Modesetting Kernel Drivers: kms
[   212.955] (EE) 
Fatal server error:
[   212.961] (EE) parse_vt_settings: Cannot open /dev/tty0 (No such file or directory)
[   212.964] (EE) 
[   212.967] (EE) 
Please consult the The X.Org Foundation support 
	 at http://wiki.x.org
 for help. 
[   212.973] (EE) Please also check the log file at "/usr/local/var/log/Xorg.0.log" for additional information.
[   212.975] (EE) 
[   212.976] (WW) xf86CloseConsole: KDSETMODE failed: Bad file descriptor
[   212.976] (WW) xf86CloseConsole: VT_GETMODE failed: Bad file descriptor
[   212.976] (EE) Server terminated with error (1). Closing log file.
